<?xml version="1.0" encoding="UTF-8"?>
<!-- Generated by org.testng.reporters.JUnitReportReporter -->
<testsuite hostname="LAPTOP-5SL2JFF8" failures="0" tests="1" name="testcases.TestCase2" time="5.038" errors="0" timestamp="2023-09-14T14:10:52 CEST" skipped="0">
  <testcase classname="testcases.TestCase2" name="validateTitles" time="5.038"/>
</testsuite> <!-- testcases.TestCase2 -->
