<?xml version="1.0" encoding="UTF-8"?>
<!-- Generated by org.testng.reporters.JUnitReportReporter -->
<testsuite hostname="LAPTOP-5SL2JFF8" failures="0" tests="2" name="testcases.TestCase1" time="8.184" errors="0" timestamp="2023-09-14T14:10:52 CEST" skipped="0">
  <testcase classname="testcases.TestCase1" name="doLogin" time="5.060"/>
  <testcase classname="testcases.TestCase1" name="doUserReg" time="3.124"/>
</testsuite> <!-- testcases.TestCase1 -->
